<?xml version="1.0" encoding="UTF-8"?>
<!-- Generated by org.testng.reporters.JUnitXMLReporter -->
<testsuite hostname="ROWLSITD516494S" ignored="1" name="Surefire test" tests="4" failures="0" timestamp="2021-12-01T16:45:03 GMT+04:00" time="163.081" errors="0">
  <testcase name="eVisaTrackApplication" time="6.953" classname="dockerizedSelenium.AzureSeleniumTest"/>
  <testcase name="contactUsText" time="3.165" classname="dockerizedSelenium.AzureSeleniumTest"/>
  <testcase name="titleCheck" time="0.087" classname="dockerizedSelenium.AzureSeleniumTest"/>
  <testcase name="googleSearch" time="10.062" classname="dockerizedSelenium.AzureSeleniumTest"/>
  <testcase name="captchaCheck" time="0.0" classname="dockerizedSelenium.AzureSeleniumTest">
    <ignored/>
  </testcase> <!-- captchaCheck -->
</testsuite> <!-- Surefire test -->
