<?xml version="1.0" encoding="UTF-8"?>
<!-- Generated by org.testng.reporters.JUnitXMLReporter -->
<testsuite hostname="ROWLSITD516494S" ignored="1" name="Surefire test" tests="3" failures="0" timestamp="2021-11-25T15:39:39 GMT+04:00" time="38.249" errors="0">
  <testcase name="eVisaTrackApplication" time="3.782" classname="dockerizedSelenium.AzureSeleniumTest"/>
  <testcase name="contactUsText" time="4.428" classname="dockerizedSelenium.AzureSeleniumTest"/>
  <testcase name="titleCheck" time="0.009" classname="dockerizedSelenium.AzureSeleniumTest"/>
  <testcase name="captchaCheck" time="0.0" classname="dockerizedSelenium.AzureSeleniumTest">
    <ignored/>
  </testcase> <!-- captchaCheck -->
</testsuite> <!-- Surefire test -->
