<?xml version="1.0" encoding="UTF-8"?>
<!-- Generated by org.testng.reporters.JUnitXMLReporter -->
<testsuite hostname="ROWLSITD516494S" ignored="0" name="Chrome Test" tests="4" failures="0" timestamp="24 Nov 2021 05:57:53 GMT" time="0.123" errors="0">
  <testcase name="@BeforeTest tearUp" time="0.0" classname="dockerizedSelenium.AzureSeleniumTest">
    <failure type="org.testng.TestNGException" message="
Can inject only one of &amp;lt;ITestContext, XmlTest&amp;gt; into a @BeforeTest annotated tearUp.
For more information on native dependency injection please refer to http://testng.org/doc/documentation-main.html#native-dependency-injection">
      <![CDATA[org.testng.TestNGException: 
Can inject only one of <ITestContext, XmlTest> into a @BeforeTest annotated tearUp.
For more information on native dependency injection please refer to http://testng.org/doc/documentation-main.html#native-dependency-injection
at java.util.concurrent.FutureTask.run(FutureTask.java:266)
at java.util.concurrent.ThreadPoolExecutor.runWorker(ThreadPoolExecutor.java:1149)
at java.util.concurrent.ThreadPoolExecutor$Worker.run(ThreadPoolExecutor.java:624)
at java.lang.Thread.run(Thread.java:748)
... Removed 12 stack frames]]>
    </failure>
  </testcase> <!-- @BeforeTest tearUp -->
  <testcase name="@BeforeTest tearUp" time="0.0" classname="dockerizedSelenium.AzureSeleniumTest">
    <failure type="org.testng.TestNGException" message="
Can inject only one of &amp;lt;ITestContext, XmlTest&amp;gt; into a @BeforeTest annotated tearUp.
For more information on native dependency injection please refer to http://testng.org/doc/documentation-main.html#native-dependency-injection">
      <![CDATA[org.testng.TestNGException: 
Can inject only one of <ITestContext, XmlTest> into a @BeforeTest annotated tearUp.
For more information on native dependency injection please refer to http://testng.org/doc/documentation-main.html#native-dependency-injection
at java.util.concurrent.FutureTask.run(FutureTask.java:266)
at java.util.concurrent.ThreadPoolExecutor.runWorker(ThreadPoolExecutor.java:1149)
at java.util.concurrent.ThreadPoolExecutor$Worker.run(ThreadPoolExecutor.java:624)
at java.lang.Thread.run(Thread.java:748)
... Removed 12 stack frames]]>
    </failure>
  </testcase> <!-- @BeforeTest tearUp -->
  <testcase name="@AfterTest teraDown" time="0.0" classname="dockerizedSelenium.AzureSeleniumTest">
    <skipped/>
  </testcase> <!-- @AfterTest teraDown -->
  <testcase name="@AfterTest teraDown" time="0.0" classname="dockerizedSelenium.AzureSeleniumTest">
    <skipped/>
  </testcase> <!-- @AfterTest teraDown -->
  <testcase name="eVisaTrackApplication" time="0.0" classname="dockerizedSelenium.AzureSeleniumTest">
    <skipped/>
  </testcase> <!-- eVisaTrackApplication -->
  <testcase name="contactUsText" time="0.0" classname="dockerizedSelenium.AzureSeleniumTest">
    <skipped/>
  </testcase> <!-- contactUsText -->
  <testcase name="captchaCheck" time="0.0" classname="dockerizedSelenium.AzureSeleniumTest">
    <skipped/>
  </testcase> <!-- captchaCheck -->
  <testcase name="titleCheck" time="0.0" classname="dockerizedSelenium.AzureSeleniumTest">
    <skipped/>
  </testcase> <!-- titleCheck -->
</testsuite> <!-- Chrome Test -->
