<?xml version="1.0" encoding="UTF-8"?>
<testng-results skipped="0" failed="0" ignored="1" total="4" passed="3">
  <reporter-output>
  </reporter-output>
  <suite name="Surefire suite" duration-ms="38249" started-at="2021-11-25T15:39:01 GMT+04:00" finished-at="2021-11-25T15:39:39 GMT+04:00">
    <groups>
    </groups>
    <test name="Surefire test" duration-ms="38249" started-at="2021-11-25T15:39:01 GMT+04:00" finished-at="2021-11-25T15:39:39 GMT+04:00">
      <class name="dockerizedSelenium.AzureSeleniumTest">
        <test-method status="PASS" signature="tearUp()[pri:0, instance:dockerizedSelenium.AzureSeleniumTest@5702b3b1]" name="tearUp" is-config="true" duration-ms="29114" started-at="2021-11-25T15:39:01 GMT+04:00" finished-at="2021-11-25T15:39:30 GMT+04:00">
          <reporter-output>
          </reporter-output>
        </test-method> <!-- tearUp -->
        <test-method status="PASS" signature="eVisaTrackApplication()[pri:1, instance:dockerizedSelenium.AzureSeleniumTest@5702b3b1]" name="eVisaTrackApplication" duration-ms="3782" started-at="2021-11-25T15:39:30 GMT+04:00" finished-at="2021-11-25T15:39:34 GMT+04:00">
          <reporter-output>
          </reporter-output>
        </test-method> <!-- eVisaTrackApplication -->
        <test-method status="PASS" signature="contactUsText()[pri:2, instance:dockerizedSelenium.AzureSeleniumTest@5702b3b1]" name="contactUsText" duration-ms="4428" started-at="2021-11-25T15:39:34 GMT+04:00" finished-at="2021-11-25T15:39:38 GMT+04:00">
          <reporter-output>
          </reporter-output>
        </test-method> <!-- contactUsText -->
        <test-method status="PASS" signature="titleCheck()[pri:4, instance:dockerizedSelenium.AzureSeleniumTest@5702b3b1]" name="titleCheck" duration-ms="9" started-at="2021-11-25T15:39:38 GMT+04:00" finished-at="2021-11-25T15:39:38 GMT+04:00">
          <reporter-output>
          </reporter-output>
        </test-method> <!-- titleCheck -->
        <test-method status="PASS" signature="teraDown()[pri:0, instance:dockerizedSelenium.AzureSeleniumTest@5702b3b1]" name="teraDown" is-config="true" duration-ms="867" started-at="2021-11-25T15:39:38 GMT+04:00" finished-at="2021-11-25T15:39:39 GMT+04:00">
          <reporter-output>
          </reporter-output>
        </test-method> <!-- teraDown -->
      </class> <!-- dockerizedSelenium.AzureSeleniumTest -->
    </test> <!-- Surefire test -->
  </suite> <!-- Surefire suite -->
</testng-results>
